<?xml version="1.0" encoding="UTF-8"?>
<testng-results ignored="0" total="6" passed="6" failed="0" skipped="0">
  <reporter-output>
  </reporter-output>
  <suite started-at="2026-07-21T11:34:34 IST" name="Surefire suite" finished-at="2026-07-21T11:36:35 IST" duration-ms="120831">
    <groups>
    </groups>
    <test started-at="2026-07-21T11:34:34 IST" name="Surefire test" finished-at="2026-07-21T11:36:35 IST" duration-ms="120831">
      <class name="com.jenkinsCICDDemoTest.jenkinsCICDTest">
        <test-method signature="ChromeBrowserTest()[pri:0, instance:com.jenkinsCICDDemoTest.jenkinsCICDTest@306f16f3]" started-at="2026-07-21T11:34:34 IST" name="ChromeBrowserTest" finished-at="2026-07-21T11:34:41 IST" duration-ms="6189" status="PASS">
          <reporter-output>
          </reporter-output>
        </test-method> <!-- ChromeBrowserTest -->
        <test-method signature="EdgeBrowser()[pri:1, instance:com.jenkinsCICDDemoTest.jenkinsCICDTest@306f16f3]" started-at="2026-07-21T11:34:41 IST" name="EdgeBrowser" finished-at="2026-07-21T11:34:44 IST" duration-ms="2959" status="PASS">
          <reporter-output>
          </reporter-output>
        </test-method> <!-- EdgeBrowser -->
        <test-method signature="FirefoxBrowser()[pri:2, instance:com.jenkinsCICDDemoTest.jenkinsCICDTest@306f16f3]" started-at="2026-07-21T11:34:44 IST" name="FirefoxBrowser" finished-at="2026-07-21T11:34:53 IST" duration-ms="9299" status="PASS">
          <reporter-output>
          </reporter-output>
        </test-method> <!-- FirefoxBrowser -->
        <test-method signature="VitaminsSupplement()[pri:3, instance:com.jenkinsCICDDemoTest.jenkinsCICDTest@306f16f3]" started-at="2026-07-21T11:34:53 IST" name="VitaminsSupplement" finished-at="2026-07-21T11:35:38 IST" duration-ms="45193" status="PASS">
          <reporter-output>
          </reporter-output>
        </test-method> <!-- VitaminsSupplement -->
        <test-method signature="VitaminsLink()[pri:4, instance:com.jenkinsCICDDemoTest.jenkinsCICDTest@306f16f3]" started-at="2026-07-21T11:35:38 IST" name="VitaminsLink" finished-at="2026-07-21T11:36:24 IST" duration-ms="45451" status="PASS">
          <reporter-output>
          </reporter-output>
        </test-method> <!-- VitaminsLink -->
        <test-method signature="DropDownList()[pri:5, instance:com.jenkinsCICDDemoTest.jenkinsCICDTest@306f16f3]" started-at="2026-07-21T11:36:24 IST" name="DropDownList" finished-at="2026-07-21T11:36:35 IST" duration-ms="11597" status="PASS">
          <reporter-output>
          </reporter-output>
        </test-method> <!-- DropDownList -->
      </class> <!-- com.jenkinsCICDDemoTest.jenkinsCICDTest -->
    </test> <!-- Surefire test -->
  </suite> <!-- Surefire suite -->
</testng-results>
