<?xml version="1.0" encoding="UTF-8"?>
<testng-results ignored="0" total="6" passed="6" failed="0" skipped="0">
  <reporter-output>
  </reporter-output>
  <suite started-at="2026-07-21T12:38:38 IST" name="Suite" finished-at="2026-07-21T12:40:50 IST" duration-ms="132630">
    <groups>
    </groups>
    <test started-at="2026-07-21T12:38:38 IST" name="Test" finished-at="2026-07-21T12:40:50 IST" duration-ms="132630">
      <class name="com.jenkinsCICDDemoTest.jenkinsCICDTest">
        <test-method signature="ChromeBrowserTest()[pri:0, instance:com.jenkinsCICDDemoTest.jenkinsCICDTest@57db2b13]" started-at="2026-07-21T12:38:38 IST" name="ChromeBrowserTest" finished-at="2026-07-21T12:38:52 IST" duration-ms="13921" status="PASS">
          <reporter-output>
          </reporter-output>
        </test-method> <!-- ChromeBrowserTest -->
        <test-method signature="EdgeBrowser()[pri:1, instance:com.jenkinsCICDDemoTest.jenkinsCICDTest@57db2b13]" started-at="2026-07-21T12:38:52 IST" name="EdgeBrowser" finished-at="2026-07-21T12:38:57 IST" duration-ms="4864" status="PASS">
          <reporter-output>
          </reporter-output>
        </test-method> <!-- EdgeBrowser -->
        <test-method signature="FirefoxBrowser()[pri:2, instance:com.jenkinsCICDDemoTest.jenkinsCICDTest@57db2b13]" started-at="2026-07-21T12:38:57 IST" name="FirefoxBrowser" finished-at="2026-07-21T12:39:04 IST" duration-ms="7897" status="PASS">
          <reporter-output>
          </reporter-output>
        </test-method> <!-- FirefoxBrowser -->
        <test-method signature="VitaminsSupplement()[pri:3, instance:com.jenkinsCICDDemoTest.jenkinsCICDTest@57db2b13]" started-at="2026-07-21T12:39:04 IST" name="VitaminsSupplement" finished-at="2026-07-21T12:39:52 IST" duration-ms="47804" status="PASS">
          <reporter-output>
          </reporter-output>
        </test-method> <!-- VitaminsSupplement -->
        <test-method signature="VitaminsLink()[pri:4, instance:com.jenkinsCICDDemoTest.jenkinsCICDTest@57db2b13]" started-at="2026-07-21T12:39:52 IST" name="VitaminsLink" finished-at="2026-07-21T12:40:41 IST" duration-ms="48644" status="PASS">
          <reporter-output>
          </reporter-output>
        </test-method> <!-- VitaminsLink -->
        <test-method signature="DropDownList()[pri:5, instance:com.jenkinsCICDDemoTest.jenkinsCICDTest@57db2b13]" started-at="2026-07-21T12:40:41 IST" name="DropDownList" finished-at="2026-07-21T12:40:50 IST" duration-ms="9385" status="PASS">
          <reporter-output>
          </reporter-output>
        </test-method> <!-- DropDownList -->
      </class> <!-- com.jenkinsCICDDemoTest.jenkinsCICDTest -->
    </test> <!-- Test -->
  </suite> <!-- Suite -->
</testng-results>
