<?xml version="1.0" encoding="UTF-8"?>
<testng-results ignored="0" total="1" passed="1" failed="0" skipped="0">
  <reporter-output>
  </reporter-output>
  <suite started-at="2026-07-20T10:04:24 IST" name="Default suite" finished-at="2026-07-20T10:04:39 IST" duration-ms="15372">
    <groups>
    </groups>
    <test started-at="2026-07-20T10:04:24 IST" name="Default test" finished-at="2026-07-20T10:04:39 IST" duration-ms="15372">
      <class name="DropDownItemsDemo.CaseStudiesTask75_2">
        <test-method is-config="true" signature="Setup()[pri:0, instance:DropDownItemsDemo.CaseStudiesTask75_2@43bc63a3]" started-at="2026-07-20T10:04:24 IST" name="Setup" finished-at="2026-07-20T10:04:39 IST" duration-ms="15261" status="PASS">
          <reporter-output>
          </reporter-output>
        </test-method> <!-- Setup -->
        <test-method signature="demotask()[pri:0, instance:DropDownItemsDemo.CaseStudiesTask75_2@43bc63a3]" started-at="2026-07-20T10:04:39 IST" name="demotask" finished-at="2026-07-20T10:04:39 IST" duration-ms="67" status="PASS">
          <reporter-output>
          </reporter-output>
        </test-method> <!-- demotask -->
      </class> <!-- DropDownItemsDemo.CaseStudiesTask75_2 -->
    </test> <!-- Default test -->
  </suite> <!-- Default suite -->
</testng-results>
