<?xml version="1.0" encoding="UTF-8"?>
<!-- Generated by org.testng.reporters.JUnitXMLReporter -->
<testsuite ignored="0" hostname="dhruv" failures="0" tests="6" name="Surefire test" time="120.831" errors="0" timestamp="2026-07-21T11:36:35 IST">
  <testcase classname="com.jenkinsCICDDemoTest.jenkinsCICDTest" name="ChromeBrowserTest" time="6.189"/>
  <testcase classname="com.jenkinsCICDDemoTest.jenkinsCICDTest" name="EdgeBrowser" time="2.959"/>
  <testcase classname="com.jenkinsCICDDemoTest.jenkinsCICDTest" name="FirefoxBrowser" time="9.299"/>
  <testcase classname="com.jenkinsCICDDemoTest.jenkinsCICDTest" name="VitaminsSupplement" time="45.193"/>
  <testcase classname="com.jenkinsCICDDemoTest.jenkinsCICDTest" name="VitaminsLink" time="45.451"/>
  <testcase classname="com.jenkinsCICDDemoTest.jenkinsCICDTest" name="DropDownList" time="11.597"/>
</testsuite> <!-- Surefire test -->
