<?xml version="1.0" encoding="UTF-8"?>
<testng-results ignored="0" total="1" passed="1" failed="0" skipped="0">
  <reporter-output>
  </reporter-output>
  <suite started-at="2026-07-17T00:44:24 IST" name="Default suite" finished-at="2026-07-17T00:45:01 IST" duration-ms="36901">
    <groups>
    </groups>
    <test started-at="2026-07-17T00:44:24 IST" name="Default test" finished-at="2026-07-17T00:45:01 IST" duration-ms="36901">
      <class name="SeleniumAlertsDemo.AlertsDemo">
        <test-method signature="TestPopups()[pri:0, instance:SeleniumAlertsDemo.AlertsDemo@4135c3b]" started-at="2026-07-17T00:44:24 IST" name="TestPopups" finished-at="2026-07-17T00:45:01 IST" duration-ms="36856" status="PASS">
          <reporter-output>
          </reporter-output>
        </test-method> <!-- TestPopups -->
      </class> <!-- SeleniumAlertsDemo.AlertsDemo -->
    </test> <!-- Default test -->
  </suite> <!-- Default suite -->
</testng-results>
