<?xml version="1.0" encoding="UTF-8"?>
<!-- Generated by org.testng.reporters.JUnitReportReporter -->
<testsuite hostname="dhruv" failures="0" tests="3" name="WebDriver.Commands.BrowserCommands" time="36.036" errors="0" timestamp="2026-07-14T15:30:11 IST" skipped="0">
  <testcase classname="WebDriver.Commands.BrowserCommands" name="ChromeBrowserTest" time="3.872"/>
  <testcase classname="WebDriver.Commands.BrowserCommands" name="FireFoxBrowserTest" time="21.928"/>
  <testcase classname="WebDriver.Commands.BrowserCommands" name="EdgeBrowserTest" time="10.236"/>
</testsuite> <!-- WebDriver.Commands.BrowserCommands -->
