<?xml version="1.0" encoding="UTF-8"?>
<testng-results ignored="0" total="1" passed="1" failed="0" skipped="0">
  <reporter-output>
  </reporter-output>
  <suite started-at="2026-07-18T14:26:27 IST" name="Default suite" finished-at="2026-07-18T14:26:42 IST" duration-ms="14798">
    <groups>
    </groups>
    <test started-at="2026-07-18T14:26:27 IST" name="Default test" finished-at="2026-07-18T14:26:42 IST" duration-ms="14798">
      <class name="com.Easycalculation.TestCases.ExecuteLoginPage">
        <test-method signature="CheckValidUser()[pri:0, instance:com.Easycalculation.TestCases.ExecuteLoginPage@5db6b9cd]" started-at="2026-07-18T14:26:27 IST" name="CheckValidUser" finished-at="2026-07-18T14:26:42 IST" duration-ms="14647" status="PASS">
          <reporter-output>
          </reporter-output>
        </test-method> <!-- CheckValidUser -->
      </class> <!-- com.Easycalculation.TestCases.ExecuteLoginPage -->
    </test> <!-- Default test -->
  </suite> <!-- Default suite -->
</testng-results>
