<?xml version="1.0" encoding="UTF-8"?>
<testng-results ignored="0" total="1" passed="1" failed="0" skipped="0">
  <reporter-output>
  </reporter-output>
  <suite started-at="2026-07-17T12:09:12 IST" name="Default suite" finished-at="2026-07-17T12:09:32 IST" duration-ms="20007">
    <groups>
    </groups>
    <test started-at="2026-07-17T12:09:12 IST" name="Default test" finished-at="2026-07-17T12:09:32 IST" duration-ms="20007">
      <class name="MultipleFramesExamples.multipleframes">
        <test-method signature="Frames()[pri:0, instance:MultipleFramesExamples.multipleframes@6f1de4c7]" started-at="2026-07-17T12:09:12 IST" name="Frames" finished-at="2026-07-17T12:09:32 IST" duration-ms="19966" status="PASS">
          <reporter-output>
          </reporter-output>
        </test-method> <!-- Frames -->
      </class> <!-- MultipleFramesExamples.multipleframes -->
    </test> <!-- Default test -->
  </suite> <!-- Default suite -->
</testng-results>
