<?xml version="1.0" encoding="UTF-8"?>
<testng-results ignored="0" total="1" passed="1" failed="0" skipped="0">
  <reporter-output>
  </reporter-output>
  <suite started-at="2026-07-14T16:12:29 IST" name="Default suite" finished-at="2026-07-14T16:12:34 IST" duration-ms="4997">
    <groups>
    </groups>
    <test started-at="2026-07-14T16:12:29 IST" name="Default test" finished-at="2026-07-14T16:12:34 IST" duration-ms="4997">
      <class name="BrowserTitle.VerifyTitle">
        <test-method signature="verifyTitleTest()[pri:0, instance:BrowserTitle.VerifyTitle@5c6648b0]" started-at="2026-07-14T16:12:29 IST" name="verifyTitleTest" finished-at="2026-07-14T16:12:34 IST" duration-ms="4956" status="PASS">
          <reporter-output>
          </reporter-output>
        </test-method> <!-- verifyTitleTest -->
      </class> <!-- BrowserTitle.VerifyTitle -->
    </test> <!-- Default test -->
  </suite> <!-- Default suite -->
</testng-results>
