<?xml version="1.0" encoding="UTF-8"?>
<!-- Generated by org.testng.reporters.JUnitXMLReporter -->
<testsuite ignored="0" hostname="dhruv" failures="1" tests="6" name="Test" time="57.664" errors="0" timestamp="2026-07-20T14:28:58 IST">
  <testcase classname="com.allureReportsdemo.BrowserNavigationTest" name="@BeforeMethod setup" time="-1.784537881062E9">
    <failure type="org.testng.TestNGException" message="
Parameter &amp;apos;browser&amp;apos; is required by BeforeMethod on method setup but has not been marked @Optional or defined
in E:\SeleniumAutomationTesting\AllureReports\testng.xml">
      <![CDATA[org.testng.TestNGException: 
Parameter 'browser' is required by BeforeMethod on method setup but has not been marked @Optional or defined
in E:\SeleniumAutomationTesting\AllureReports\testng.xml
at java.base/java.util.ArrayList.forEach(ArrayList.java:1596)
... Removed 28 stack frames]]>
    </failure>
  </testcase> <!-- @BeforeMethod setup -->
  <testcase classname="com.allureReportsdemo.BrowserNavigationTest" name="@AfterMethod teardown" time="0.0">
    <skipped/>
  </testcase> <!-- @AfterMethod teardown -->
  <testcase classname="com.allureReportsdemo.BrowserNavigationTest" name="navigationTest" time="0.0">
    <skipped/>
  </testcase> <!-- navigationTest -->
  <testcase classname="com.allureReportsdemo.VerifyTitle" name="verifyTitleAndURL" time="7.305"/>
  <testcase classname="com.allureReportsdemo.IDNameXpath" name="IDlocator" time="2.955">
    <failure type="java.lang.StringIndexOutOfBoundsException" message="Range [55, 54) out of bounds for length 55">
      <![CDATA[java.lang.StringIndexOutOfBoundsException: Range [55, 54) out of bounds for length 55
at java.base/jdk.internal.util.Preconditions$1.apply(Preconditions.java:55)
at java.base/jdk.internal.util.Preconditions$1.apply(Preconditions.java:52)
at java.base/jdk.internal.util.Preconditions$4.apply(Preconditions.java:213)
at java.base/jdk.internal.util.Preconditions$4.apply(Preconditions.java:210)
at java.base/jdk.internal.util.Preconditions.outOfBounds(Preconditions.java:98)
at java.base/jdk.internal.util.Preconditions.outOfBoundsCheckFromToIndex(Preconditions.java:112)
at java.base/jdk.internal.util.Preconditions.checkFromToIndex(Preconditions.java:349)
at java.base/java.lang.String.checkBoundsBeginEnd(String.java:4855)
at java.base/java.lang.String.substring(String.java:2823)
at com.allureReportsdemo.IDNameXpath.IDlocator(IDNameXpath.java:22)
at java.base/java.util.ArrayList.forEach(ArrayList.java:1596)
... Removed 25 stack frames]]>
    </failure>
  </testcase> <!-- IDlocator -->
  <testcase classname="com.allureReportsdemo.BrowserCommands" name="ChromeBrowserTest" time="3.077"/>
  <testcase classname="com.allureReportsdemo.BrowserCommands" name="EdgeBrowserTest" time="18.863"/>
  <testcase classname="com.allureReportsdemo.BrowserCommands" name="FireFoxBrowserTest" time="25.233"/>
</testsuite> <!-- Test -->
