<?xml version="1.0" encoding="UTF-8"?>
<!-- Generated by org.testng.reporters.JUnitXMLReporter -->
<testsuite ignored="0" hostname="dhruv" failures="0" tests="6" name="Test" time="132.63" errors="0" timestamp="2026-07-21T12:40:50 IST">
  <testcase classname="com.jenkinsCICDDemoTest.jenkinsCICDTest" name="ChromeBrowserTest" time="13.921"/>
  <testcase classname="com.jenkinsCICDDemoTest.jenkinsCICDTest" name="EdgeBrowser" time="4.864"/>
  <testcase classname="com.jenkinsCICDDemoTest.jenkinsCICDTest" name="FirefoxBrowser" time="7.897"/>
  <testcase classname="com.jenkinsCICDDemoTest.jenkinsCICDTest" name="VitaminsSupplement" time="47.804"/>
  <testcase classname="com.jenkinsCICDDemoTest.jenkinsCICDTest" name="VitaminsLink" time="48.644"/>
  <testcase classname="com.jenkinsCICDDemoTest.jenkinsCICDTest" name="DropDownList" time="9.385"/>
</testsuite> <!-- Test -->
