<?xml version="1.0" encoding="UTF-8"?>
<testng-results ignored="0" total="1" passed="0" failed="1" skipped="0">
  <reporter-output>
  </reporter-output>
  <suite started-at="2026-07-20T14:04:21 IST" name="Default suite" finished-at="2026-07-20T14:04:26 IST" duration-ms="4400">
    <groups>
    </groups>
    <test started-at="2026-07-20T14:04:21 IST" name="Default test" finished-at="2026-07-20T14:04:26 IST" duration-ms="4400">
      <class name="com.Framework.TestCase.LoginOraganHRM">
        <test-method is-config="true" signature="SetUp()[pri:0, instance:com.Framework.TestCase.LoginOraganHRM@15d49048]" started-at="2026-07-20T14:04:21 IST" name="SetUp" finished-at="2026-07-20T14:04:21 IST" duration-ms="605" status="PASS">
          <reporter-output>
          </reporter-output>
        </test-method> <!-- SetUp -->
        <test-method is-config="true" signature="BrowserTest()[pri:0, instance:com.Framework.TestCase.LoginOraganHRM@15d49048]" started-at="2026-07-20T14:04:21 IST" name="BrowserTest" finished-at="2026-07-20T14:04:25 IST" duration-ms="3884" status="PASS">
          <reporter-output>
          </reporter-output>
        </test-method> <!-- BrowserTest -->
        <test-method signature="loginApp()[pri:0, instance:com.Framework.TestCase.LoginOraganHRM@15d49048]" started-at="2026-07-20T14:04:25 IST" name="loginApp" finished-at="2026-07-20T14:04:25 IST" duration-ms="80" status="FAIL">
          <exception class="java.lang.NullPointerException">
            <message>
              <![CDATA[Cannot invoke "org.apache.poi.xssf.usermodel.XSSFSheet.getRow(int)" because the return value of "org.apache.poi.xssf.usermodel.XSSFWorkbook.getSheet(String)" is null]]>
            </message>
            <full-stacktrace>
              <![CDATA[java.lang.NullPointerException: Cannot invoke "org.apache.poi.xssf.usermodel.XSSFSheet.getRow(int)" because the return value of "org.apache.poi.xssf.usermodel.XSSFWorkbook.getSheet(String)" is null
at utility.ExcelDataReader.getStringData(ExcelDataReader.java:32)
at com.Framework.TestCase.LoginOraganHRM.loginApp(LoginOraganHRM.java:18)
at java.base/jdk.internal.reflect.DirectMethodHandleAccessor.invoke(DirectMethodHandleAccessor.java:103)
at java.base/java.lang.reflect.Method.invoke(Method.java:580)
at org.testng.internal.invokers.MethodInvocationHelper.invokeMethod(MethodInvocationHelper.java:141)
at org.testng.internal.invokers.TestInvoker.invokeMethod(TestInvoker.java:697)
at org.testng.internal.invokers.TestInvoker.invokeTestMethod(TestInvoker.java:230)
at org.testng.internal.invokers.MethodRunner.runInSequence(MethodRunner.java:63)
at org.testng.internal.invokers.TestInvoker$MethodInvocationAgent.invoke(TestInvoker.java:1005)
at org.testng.internal.invokers.TestInvoker.invokeTestMethods(TestInvoker.java:203)
at org.testng.internal.invokers.TestMethodWorker.invokeTestMethods(TestMethodWorker.java:154)
at org.testng.internal.invokers.TestMethodWorker.run(TestMethodWorker.java:134)
at java.base/java.util.ArrayList.forEach(ArrayList.java:1596)
at org.testng.TestRunner.privateRun(TestRunner.java:744)
at org.testng.TestRunner.run(TestRunner.java:616)
at org.testng.SuiteRunner.runTest(SuiteRunner.java:421)
at org.testng.SuiteRunner.runSequentially(SuiteRunner.java:413)
at org.testng.SuiteRunner.privateRun(SuiteRunner.java:373)
at org.testng.SuiteRunner.run(SuiteRunner.java:312)
at org.testng.SuiteRunnerWorker.runSuite(SuiteRunnerWorker.java:52)
at org.testng.SuiteRunnerWorker.run(SuiteRunnerWorker.java:95)
at org.testng.TestNG.runSuitesSequentially(TestNG.java:1274)
at org.testng.TestNG.runSuitesLocally(TestNG.java:1208)
at org.testng.TestNG.runSuites(TestNG.java:1112)
at org.testng.TestNG.run(TestNG.java:1079)
at org.testng.remote.AbstractRemoteTestNG.run(AbstractRemoteTestNG.java:115)
at org.testng.remote.RemoteTestNG.initAndRun(RemoteTestNG.java:293)
at org.testng.remote.RemoteTestNG.main(RemoteTestNG.java:91)
]]>
            </full-stacktrace>
          </exception> <!-- java.lang.NullPointerException -->
          <reporter-output>
          </reporter-output>
        </test-method> <!-- loginApp -->
        <test-method is-config="true" signature="tearDownMethod(org.testng.ITestResult)[pri:0, instance:com.Framework.TestCase.LoginOraganHRM@15d49048]" started-at="2026-07-20T14:04:25 IST" name="tearDownMethod" finished-at="2026-07-20T14:04:25 IST" duration-ms="125" status="PASS">
          <params>
            <param index="0">
              <value>
                <![CDATA[[TestResult name=loginApp status=FAILURE method=LoginOraganHRM.loginApp()[pri:0, instance:com.Framework.TestCase.LoginOraganHRM@15d49048] output={null}]]]>
              </value>
            </param>
          </params>
          <reporter-output>
          </reporter-output>
        </test-method> <!-- tearDownMethod -->
        <test-method is-config="true" signature="tearDown()[pri:0, instance:com.Framework.TestCase.LoginOraganHRM@15d49048]" started-at="2026-07-20T14:04:25 IST" name="tearDown" finished-at="2026-07-20T14:04:26 IST" duration-ms="194" status="PASS">
          <reporter-output>
          </reporter-output>
        </test-method> <!-- tearDown -->
      </class> <!-- com.Framework.TestCase.LoginOraganHRM -->
    </test> <!-- Default test -->
  </suite> <!-- Default suite -->
</testng-results>
