<?xml version="1.0" encoding="UTF-8"?>
<!-- Generated by org.testng.reporters.JUnitReportReporter -->
<testsuite hostname="dhruv" failures="0" tests="3" name="com.allureReportsdemo.BrowserCommands" time="47.173" errors="0" timestamp="2026-07-20T14:28:58 IST" skipped="0">
  <testcase classname="com.allureReportsdemo.BrowserCommands" name="ChromeBrowserTest" time="3.077"/>
  <testcase classname="com.allureReportsdemo.BrowserCommands" name="EdgeBrowserTest" time="18.863"/>
  <testcase classname="com.allureReportsdemo.BrowserCommands" name="FireFoxBrowserTest" time="25.233"/>
</testsuite> <!-- com.allureReportsdemo.BrowserCommands -->
