<?xml version="1.0" encoding="UTF-8"?>
<testng-results ignored="0" total="1" passed="1" failed="0" skipped="0">
  <reporter-output>
  </reporter-output>
  <suite started-at="2026-07-17T14:20:12 IST" name="Default suite" finished-at="2026-07-17T14:21:02 IST" duration-ms="49981">
    <groups>
    </groups>
    <test started-at="2026-07-17T14:20:12 IST" name="Default test" finished-at="2026-07-17T14:21:02 IST" duration-ms="49981">
      <class name="DDtestingCSVFiles.ddt">
        <test-method is-config="true" signature="setup()[pri:0, instance:DDtestingCSVFiles.ddt@2d1ef81a]" started-at="2026-07-17T14:20:12 IST" name="setup" finished-at="2026-07-17T14:20:18 IST" duration-ms="6918" status="PASS">
          <reporter-output>
          </reporter-output>
        </test-method> <!-- setup -->
        <test-method signature="DDTTestingBlog()[pri:0, instance:DDtestingCSVFiles.ddt@2d1ef81a]" started-at="2026-07-17T14:20:19 IST" name="DDTTestingBlog" finished-at="2026-07-17T14:21:01 IST" duration-ms="42769" status="PASS">
          <reporter-output>
          </reporter-output>
        </test-method> <!-- DDTTestingBlog -->
        <test-method is-config="true" signature="tearDown()[pri:0, instance:DDtestingCSVFiles.ddt@2d1ef81a]" started-at="2026-07-17T14:21:01 IST" name="tearDown" finished-at="2026-07-17T14:21:02 IST" duration-ms="254" status="PASS">
          <reporter-output>
          </reporter-output>
        </test-method> <!-- tearDown -->
      </class> <!-- DDtestingCSVFiles.ddt -->
    </test> <!-- Default test -->
  </suite> <!-- Default suite -->
</testng-results>
