<?xml version="1.0" encoding="UTF-8"?>
<testng-results ignored="0" total="1" passed="1" failed="0" skipped="0">
  <reporter-output>
  </reporter-output>
  <suite started-at="2026-07-18T10:10:39 IST" name="Default suite" finished-at="2026-07-18T10:11:17 IST" duration-ms="38495">
    <groups>
    </groups>
    <test started-at="2026-07-18T10:10:39 IST" name="Default test" finished-at="2026-07-18T10:11:17 IST" duration-ms="38495">
      <class name="WedriverActions.MouseOverMoments">
        <test-method signature="mouseover()[pri:0, instance:WedriverActions.MouseOverMoments@6f1de4c7]" started-at="2026-07-18T10:10:39 IST" name="mouseover" finished-at="2026-07-18T10:11:17 IST" duration-ms="38453" status="PASS">
          <reporter-output>
          </reporter-output>
        </test-method> <!-- mouseover -->
      </class> <!-- WedriverActions.MouseOverMoments -->
    </test> <!-- Default test -->
  </suite> <!-- Default suite -->
</testng-results>
